{"D:\\Disk C\\Old 2\\School\\Year 3\\Full Stack\\Software Development Tools\\Lab 3\\passwordValidator.js": {"path":"D:\\Disk C\\Old 2\\School\\Year 3\\Full Stack\\Software Development Tools\\Lab 3\\passwordValidator.js","statementMap":{"0":{"start":{"line":2,"column":23},"end":{"line":2,"column":43}},"1":{"start":{"line":3,"column":20},"end":{"line":3,"column":42}},"2":{"start":{"line":4,"column":25},"end":{"line":4,"column":64}},"3":{"start":{"line":6,"column":2},"end":{"line":6,"column":53}},"4":{"start":{"line":9,"column":0},"end":{"line":9,"column":33}}},"fnMap":{"0":{"name":"isValidPassword","decl":{"start":{"line":1,"column":9},"end":{"line":1,"column":24}},"loc":{"start":{"line":1,"column":35},"end":{"line":7,"column":1}},"line":1}},"branchMap":{"0":{"loc":{"start":{"line":6,"column":9},"end":{"line":6,"column":52}},"type":"binary-expr","locations":[{"start":{"line":6,"column":9},"end":{"line":6,"column":21}},{"start":{"line":6,"column":25},"end":{"line":6,"column":34}},{"start":{"line":6,"column":38},"end":{"line":6,"column":52}}],"line":6}},"s":{"0":4,"1":4,"2":4,"3":4,"4":1},"f":{"0":4},"b":{"0":[4,3,2]},"_coverageSchema":"1a1c01bbd47fc00a2c39e90264f33305004495a9","hash":"63e2ada6381362bd8a51c7a5b328841398646933"}
}
